0 verbose cli /usr/local/bin/node /usr/local/bin/npm
1 info using npm@10.9.2
2 info using node@v22.16.0
3 silly config load:file:/usr/local/lib/node_modules/npm/npmrc
4 silly config load:file:/Users/stroubes/projects/CouncilMeeting/frontend/.npmrc
5 silly config load:file:/Users/stroubes/.npmrc
6 silly config load:file:/Users/stroubes/.npm-global/etc/npmrc
7 verbose title npm install
8 verbose argv "install" "--cache" ".npm-cache"
9 verbose logfile logs-max:10 dir:/Users/stroubes/projects/CouncilMeeting/frontend/.npm-cache/_logs/2026-04-05T16_26_09_141Z-
10 verbose logfile /Users/stroubes/projects/CouncilMeeting/frontend/.npm-cache/_logs/2026-04-05T16_26_09_141Z-debug-0.log
11 silly logfile done cleaning log files
12 silly packumentCache heap:4345298944 maxSize:1086324736 maxEntrySize:543162368
13 silly idealTree buildDeps
14 silly fetch manifest @tiptap/extension-image@^3.21.0
15 silly packumentCache full:https://registry.npmjs.org/@tiptap%2fextension-image cache-miss
16 http fetch GET 200 https://registry.npmjs.org/@tiptap%2fextension-image 547ms (cache miss)
17 silly packumentCache full:https://registry.npmjs.org/@tiptap%2fextension-image set size:undefined disposed:false
18 silly fetch manifest @tiptap/core@^3.22.2
19 silly packumentCache full:https://registry.npmjs.org/@tiptap%2fcore cache-miss
20 http fetch GET 200 https://registry.npmjs.org/npm 609ms
21 http fetch GET 200 https://registry.npmjs.org/@tiptap%2fcore 312ms (cache miss)
22 silly packumentCache full:https://registry.npmjs.org/@tiptap%2fcore set size:undefined disposed:false
23 silly fetch manifest @tiptap/pm@^3.21.0
24 silly packumentCache full:https://registry.npmjs.org/@tiptap%2fpm cache-miss
25 http fetch GET 200 https://registry.npmjs.org/@tiptap%2fpm 175ms (cache miss)
26 silly packumentCache full:https://registry.npmjs.org/@tiptap%2fpm set size:undefined disposed:false
27 silly fetch manifest @tiptap/extension-table@^3.21.0
28 silly packumentCache full:https://registry.npmjs.org/@tiptap%2fextension-table cache-miss
29 http fetch GET 200 https://registry.npmjs.org/@tiptap%2fextension-table 174ms (cache miss)
30 silly packumentCache full:https://registry.npmjs.org/@tiptap%2fextension-table set size:undefined disposed:false
31 silly fetch manifest @tiptap/extension-table-cell@^3.21.0
32 silly packumentCache full:https://registry.npmjs.org/@tiptap%2fextension-table-cell cache-miss
33 http fetch GET 200 https://registry.npmjs.org/@tiptap%2fextension-table-cell 172ms (cache miss)
34 silly packumentCache full:https://registry.npmjs.org/@tiptap%2fextension-table-cell set size:undefined disposed:false
35 silly fetch manifest @tiptap/extension-table-header@^3.21.0
36 silly packumentCache full:https://registry.npmjs.org/@tiptap%2fextension-table-header cache-miss
37 http fetch GET 200 https://registry.npmjs.org/@tiptap%2fextension-table-header 165ms (cache miss)
38 silly packumentCache full:https://registry.npmjs.org/@tiptap%2fextension-table-header set size:undefined disposed:false
39 silly fetch manifest @tiptap/extension-table-row@^3.21.0
40 silly packumentCache full:https://registry.npmjs.org/@tiptap%2fextension-table-row cache-miss
41 http fetch GET 200 https://registry.npmjs.org/@tiptap%2fextension-table-row 171ms (cache miss)
42 silly packumentCache full:https://registry.npmjs.org/@tiptap%2fextension-table-row set size:undefined disposed:false
43 silly fetch manifest date-fns@^4.1.0
44 silly packumentCache full:https://registry.npmjs.org/date-fns cache-miss
45 http fetch GET 200 https://registry.npmjs.org/date-fns 215ms (cache miss)
46 silly packumentCache full:https://registry.npmjs.org/date-fns set size:undefined disposed:false
47 silly fetch manifest html2canvas@^1.4.1
48 silly packumentCache full:https://registry.npmjs.org/html2canvas cache-miss
49 http fetch GET 200 https://registry.npmjs.org/html2canvas 166ms (cache miss)
50 silly packumentCache full:https://registry.npmjs.org/html2canvas set size:undefined disposed:false
51 silly fetch manifest jspdf@^3.0.3
52 silly packumentCache full:https://registry.npmjs.org/jspdf cache-miss
53 http fetch GET 200 https://registry.npmjs.org/jspdf 157ms (cache miss)
54 silly packumentCache full:https://registry.npmjs.org/jspdf set size:undefined disposed:false
55 silly placeDep ROOT @tiptap/extension-image@3.22.2 OK for: council-meeting-frontend@0.2.0 want: ^3.21.0
56 silly placeDep ROOT @tiptap/core@3.22.2 REPLACE for: @tiptap/extension-image@3.22.2 want: ^3.22.2
57 silly placeDep ROOT @tiptap/pm@3.22.2 REPLACE for: @tiptap/core@3.22.2 want: ^3.22.2
58 silly placeDep ROOT @tiptap/extension-table@3.22.2 OK for: council-meeting-frontend@0.2.0 want: ^3.21.0
59 silly placeDep ROOT @tiptap/extension-table-cell@3.22.2 OK for: council-meeting-frontend@0.2.0 want: ^3.21.0
60 silly placeDep ROOT @tiptap/extension-table-header@3.22.2 OK for: council-meeting-frontend@0.2.0 want: ^3.21.0
61 silly placeDep ROOT @tiptap/extension-table-row@3.22.2 OK for: council-meeting-frontend@0.2.0 want: ^3.21.0
62 silly placeDep ROOT date-fns@4.1.0 OK for: council-meeting-frontend@0.2.0 want: ^4.1.0
63 silly placeDep ROOT html2canvas@1.4.1 OK for: council-meeting-frontend@0.2.0 want: ^1.4.1
64 silly placeDep ROOT jspdf@3.0.4 OK for: council-meeting-frontend@0.2.0 want: ^3.0.3
65 silly fetch manifest css-line-break@^2.1.0
66 silly packumentCache full:https://registry.npmjs.org/css-line-break cache-miss
67 silly fetch manifest text-segmentation@^1.0.3
68 silly packumentCache full:https://registry.npmjs.org/text-segmentation cache-miss
69 silly fetch manifest fflate@^0.8.1
70 silly packumentCache full:https://registry.npmjs.org/fflate cache-miss
71 silly fetch manifest fast-png@^6.2.0
72 silly packumentCache full:https://registry.npmjs.org/fast-png cache-miss
73 silly fetch manifest @babel/runtime@^7.28.4
74 silly packumentCache full:https://registry.npmjs.org/@babel%2fruntime cache-miss
75 silly fetch manifest canvg@^3.0.11
76 silly packumentCache full:https://registry.npmjs.org/canvg cache-miss
77 silly fetch manifest core-js@^3.6.0
78 silly packumentCache full:https://registry.npmjs.org/core-js cache-miss
79 silly fetch manifest dompurify@^3.2.4
80 silly packumentCache full:https://registry.npmjs.org/dompurify cache-miss
81 http fetch GET 200 https://registry.npmjs.org/css-line-break 170ms (cache miss)
82 silly packumentCache full:https://registry.npmjs.org/css-line-break set size:undefined disposed:false
83 http fetch GET 200 https://registry.npmjs.org/text-segmentation 171ms (cache miss)
84 silly packumentCache full:https://registry.npmjs.org/text-segmentation set size:undefined disposed:false
85 http fetch GET 200 https://registry.npmjs.org/fast-png 435ms (cache miss)
86 silly packumentCache full:https://registry.npmjs.org/fast-png set size:undefined disposed:false
87 http fetch GET 200 https://registry.npmjs.org/canvg 459ms (cache miss)
88 silly packumentCache full:https://registry.npmjs.org/canvg set size:undefined disposed:false
89 http fetch GET 200 https://registry.npmjs.org/fflate 566ms (cache miss)
90 silly packumentCache full:https://registry.npmjs.org/fflate set size:undefined disposed:false
91 http fetch GET 200 https://registry.npmjs.org/core-js 617ms (cache miss)
92 silly packumentCache full:https://registry.npmjs.org/core-js set size:undefined disposed:false
93 http fetch GET 200 https://registry.npmjs.org/@babel%2fruntime 662ms (cache miss)
94 silly packumentCache full:https://registry.npmjs.org/@babel%2fruntime set size:undefined disposed:false
95 http fetch GET 200 https://registry.npmjs.org/dompurify 749ms (cache miss)
96 silly packumentCache full:https://registry.npmjs.org/dompurify set size:undefined disposed:false
97 silly placeDep ROOT css-line-break@2.1.0 OK for: html2canvas@1.4.1 want: ^2.1.0
98 silly placeDep ROOT text-segmentation@1.0.3 OK for: html2canvas@1.4.1 want: ^1.0.3
99 silly fetch manifest utrie@^1.0.2
100 silly packumentCache full:https://registry.npmjs.org/utrie cache-miss
101 silly fetch manifest utrie@^1.0.2
102 silly packumentCache full:https://registry.npmjs.org/utrie cache-miss
103 http fetch GET 200 https://registry.npmjs.org/utrie 160ms (cache miss)
104 silly packumentCache full:https://registry.npmjs.org/utrie set size:undefined disposed:false
105 http fetch GET 200 https://registry.npmjs.org/utrie 173ms (cache miss)
106 silly packumentCache full:https://registry.npmjs.org/utrie set size:undefined disposed:false
107 silly placeDep ROOT utrie@1.0.2 OK for: css-line-break@2.1.0 want: ^1.0.2
108 silly fetch manifest base64-arraybuffer@^1.0.2
109 silly packumentCache full:https://registry.npmjs.org/base64-arraybuffer cache-miss
110 http fetch GET 200 https://registry.npmjs.org/base64-arraybuffer 149ms (cache miss)
111 silly packumentCache full:https://registry.npmjs.org/base64-arraybuffer set size:undefined disposed:false
112 silly placeDep ROOT @babel/runtime@7.29.2 OK for: jspdf@3.0.4 want: ^7.28.4
113 silly placeDep ROOT canvg@3.0.11 OK for: jspdf@3.0.4 want: ^3.0.11
114 silly placeDep ROOT core-js@3.49.0 OK for: jspdf@3.0.4 want: ^3.6.0
115 silly placeDep ROOT dompurify@3.3.3 OK for: jspdf@3.0.4 want: ^3.2.4
116 silly placeDep ROOT fast-png@6.4.0 OK for: jspdf@3.0.4 want: ^6.2.0
117 silly placeDep ROOT fflate@0.8.2 OK for: jspdf@3.0.4 want: ^0.8.1
118 silly fetch manifest raf@^3.4.1
119 silly packumentCache full:https://registry.npmjs.org/raf cache-miss
120 silly fetch manifest core-js@^3.8.3
121 silly packumentCache full:https://registry.npmjs.org/core-js cache-miss
122 silly fetch manifest rgbcolor@^1.0.1
123 silly packumentCache full:https://registry.npmjs.org/rgbcolor cache-miss
124 silly fetch manifest @types/raf@^3.4.0
125 silly packumentCache full:https://registry.npmjs.org/@types%2fraf cache-miss
126 silly fetch manifest svg-pathdata@^6.0.3
127 silly packumentCache full:https://registry.npmjs.org/svg-pathdata cache-miss
128 silly fetch manifest stackblur-canvas@^2.0.0
129 silly packumentCache full:https://registry.npmjs.org/stackblur-canvas cache-miss
130 silly fetch manifest regenerator-runtime@^0.13.7
131 silly packumentCache full:https://registry.npmjs.org/regenerator-runtime cache-miss
132 silly fetch manifest @types/trusted-types@^2.0.7
133 silly packumentCache full:https://registry.npmjs.org/@types%2ftrusted-types cache-miss
134 silly fetch manifest pako@^2.1.0
135 silly packumentCache full:https://registry.npmjs.org/pako cache-miss
136 silly fetch manifest iobuffer@^5.3.2
137 silly packumentCache full:https://registry.npmjs.org/iobuffer cache-miss
138 silly fetch manifest @types/pako@^2.0.3
139 silly packumentCache full:https://registry.npmjs.org/@types%2fpako cache-miss
140 http cache https://registry.npmjs.org/core-js 8ms (cache hit)
141 silly packumentCache full:https://registry.npmjs.org/core-js set size:814557 disposed:false
142 http fetch GET 200 https://registry.npmjs.org/rgbcolor 95ms (cache miss)
143 silly packumentCache full:https://registry.npmjs.org/rgbcolor set size:undefined disposed:false
144 http fetch GET 200 https://registry.npmjs.org/regenerator-runtime 154ms (cache miss)
145 silly packumentCache full:https://registry.npmjs.org/regenerator-runtime set size:undefined disposed:false
146 http fetch GET 200 https://registry.npmjs.org/raf 162ms (cache miss)
147 silly packumentCache full:https://registry.npmjs.org/raf set size:undefined disposed:false
148 http fetch GET 200 https://registry.npmjs.org/stackblur-canvas 163ms (cache miss)
149 silly packumentCache full:https://registry.npmjs.org/stackblur-canvas set size:undefined disposed:false
150 http fetch GET 200 https://registry.npmjs.org/svg-pathdata 163ms (cache miss)
151 silly packumentCache full:https://registry.npmjs.org/svg-pathdata set size:undefined disposed:false
152 http fetch GET 200 https://registry.npmjs.org/@types%2fraf 170ms (cache miss)
153 silly packumentCache full:https://registry.npmjs.org/@types%2fraf set size:undefined disposed:false
154 http fetch GET 200 https://registry.npmjs.org/@types%2ftrusted-types 193ms (cache miss)
155 silly packumentCache full:https://registry.npmjs.org/@types%2ftrusted-types set size:undefined disposed:false
156 http fetch GET 200 https://registry.npmjs.org/pako 225ms (cache miss)
157 silly packumentCache full:https://registry.npmjs.org/pako set size:undefined disposed:false
158 http fetch GET 200 https://registry.npmjs.org/@types%2fpako 383ms (cache miss)
159 silly packumentCache full:https://registry.npmjs.org/@types%2fpako set size:undefined disposed:false
160 http fetch GET 200 https://registry.npmjs.org/iobuffer 385ms (cache miss)
161 silly packumentCache full:https://registry.npmjs.org/iobuffer set size:undefined disposed:false
162 silly placeDep ROOT @types/raf@3.4.3 OK for: canvg@3.0.11 want: ^3.4.0
163 silly placeDep ROOT raf@3.4.1 OK for: canvg@3.0.11 want: ^3.4.1
164 silly placeDep ROOT regenerator-runtime@0.13.11 OK for: canvg@3.0.11 want: ^0.13.7
165 silly placeDep ROOT rgbcolor@1.0.1 OK for: canvg@3.0.11 want: ^1.0.1
166 silly placeDep ROOT stackblur-canvas@2.7.0 OK for: canvg@3.0.11 want: ^2.0.0
167 silly placeDep ROOT svg-pathdata@6.0.3 OK for: canvg@3.0.11 want: ^6.0.3
168 silly fetch manifest performance-now@^2.1.0
169 silly packumentCache full:https://registry.npmjs.org/performance-now cache-miss
170 http fetch GET 200 https://registry.npmjs.org/performance-now 90ms (cache miss)
171 silly packumentCache full:https://registry.npmjs.org/performance-now set size:undefined disposed:false
172 silly placeDep ROOT @types/trusted-types@2.0.7 OK for: dompurify@3.3.3 want: ^2.0.7
173 silly placeDep ROOT @types/pako@2.0.4 OK for: fast-png@6.4.0 want: ^2.0.3
174 silly placeDep ROOT iobuffer@5.4.0 OK for: fast-png@6.4.0 want: ^5.3.2
175 silly placeDep ROOT pako@2.1.0 OK for: fast-png@6.4.0 want: ^2.1.0
176 silly placeDep ROOT performance-now@2.1.0 OK for: raf@3.4.1 want: ^2.1.0
177 silly placeDep ROOT base64-arraybuffer@1.0.2 OK for: utrie@1.0.2 want: ^1.0.2
178 silly reify mark retired [
178 silly reify   '/Users/stroubes/projects/CouncilMeeting/frontend/node_modules/@tiptap/core'
178 silly reify ]
179 silly reify mark retired [
179 silly reify   '/Users/stroubes/projects/CouncilMeeting/frontend/node_modules/@tiptap/pm'
179 silly reify ]
180 silly reify moves {
180 silly reify   '/Users/stroubes/projects/CouncilMeeting/frontend/node_modules/@tiptap/core': '/Users/stroubes/projects/CouncilMeeting/frontend/node_modules/@tiptap/.core-bhXQioRT',
180 silly reify   '/Users/stroubes/projects/CouncilMeeting/frontend/node_modules/@tiptap/pm': '/Users/stroubes/projects/CouncilMeeting/frontend/node_modules/@tiptap/.pm-9FNHmde6'
180 silly reify }
181 silly audit bulk request {
181 silly audit   '@azure/msal-browser': [ '3.30.0' ],
181 silly audit   '@azure/msal-common': [ '14.16.1' ],
181 silly audit   '@babel/code-frame': [ '7.29.0' ],
181 silly audit   '@babel/compat-data': [ '7.29.0' ],
181 silly audit   '@babel/core': [ '7.29.0' ],
181 silly audit   '@babel/generator': [ '7.29.1' ],
181 silly audit   '@babel/helper-compilation-targets': [ '7.28.6' ],
181 silly audit   '@babel/helper-globals': [ '7.28.0' ],
181 silly audit   '@babel/helper-module-imports': [ '7.28.6' ],
181 silly audit   '@babel/helper-module-transforms': [ '7.28.6' ],
181 silly audit   '@babel/helper-plugin-utils': [ '7.28.6' ],
181 silly audit   '@babel/helper-string-parser': [ '7.27.1' ],
181 silly audit   '@babel/helper-validator-identifier': [ '7.28.5' ],
181 silly audit   '@babel/helper-validator-option': [ '7.27.1' ],
181 silly audit   '@babel/helpers': [ '7.28.6' ],
181 silly audit   '@babel/parser': [ '7.29.0' ],
181 silly audit   '@babel/plugin-transform-react-jsx-self': [ '7.27.1' ],
181 silly audit   '@babel/plugin-transform-react-jsx-source': [ '7.27.1' ],
181 silly audit   '@babel/template': [ '7.28.6' ],
181 silly audit   '@babel/traverse': [ '7.29.0' ],
181 silly audit   '@babel/types': [ '7.29.0' ],
181 silly audit   '@dnd-kit/accessibility': [ '3.1.1' ],
181 silly audit   '@dnd-kit/core': [ '6.3.1' ],
181 silly audit   '@dnd-kit/sortable': [ '10.0.0' ],
181 silly audit   '@dnd-kit/utilities': [ '3.2.2' ],
181 silly audit   '@esbuild/aix-ppc64': [ '0.21.5' ],
181 silly audit   '@esbuild/android-arm': [ '0.21.5' ],
181 silly audit   '@esbuild/android-arm64': [ '0.21.5' ],
181 silly audit   '@esbuild/android-x64': [ '0.21.5' ],
181 silly audit   '@esbuild/darwin-arm64': [ '0.21.5' ],
181 silly audit   '@esbuild/darwin-x64': [ '0.21.5' ],
181 silly audit   '@esbuild/freebsd-arm64': [ '0.21.5' ],
181 silly audit   '@esbuild/freebsd-x64': [ '0.21.5' ],
181 silly audit   '@esbuild/linux-arm': [ '0.21.5' ],
181 silly audit   '@esbuild/linux-arm64': [ '0.21.5' ],
181 silly audit   '@esbuild/linux-ia32': [ '0.21.5' ],
181 silly audit   '@esbuild/linux-loong64': [ '0.21.5' ],
181 silly audit   '@esbuild/linux-mips64el': [ '0.21.5' ],
181 silly audit   '@esbuild/linux-ppc64': [ '0.21.5' ],
181 silly audit   '@esbuild/linux-riscv64': [ '0.21.5' ],
181 silly audit   '@esbuild/linux-s390x': [ '0.21.5' ],
181 silly audit   '@esbuild/linux-x64': [ '0.21.5' ],
181 silly audit   '@esbuild/netbsd-x64': [ '0.21.5' ],
181 silly audit   '@esbuild/openbsd-x64': [ '0.21.5' ],
181 silly audit   '@esbuild/sunos-x64': [ '0.21.5' ],
181 silly audit   '@esbuild/win32-arm64': [ '0.21.5' ],
181 silly audit   '@esbuild/win32-ia32': [ '0.21.5' ],
181 silly audit   '@esbuild/win32-x64': [ '0.21.5' ],
181 silly audit   '@floating-ui/core': [ '1.7.5' ],
181 silly audit   '@floating-ui/dom': [ '1.7.6' ],
181 silly audit   '@floating-ui/utils': [ '0.2.11' ],
181 silly audit   '@jridgewell/gen-mapping': [ '0.3.13' ],
181 silly audit   '@jridgewell/remapping': [ '2.3.5' ],
181 silly audit   '@jridgewell/resolve-uri': [ '3.1.2' ],
181 silly audit   '@jridgewell/sourcemap-codec': [ '1.5.5' ],
181 silly audit   '@jridgewell/trace-mapping': [ '0.3.31' ],
181 silly audit   '@napi-rs/canvas': [ '0.1.97' ],
181 silly audit   '@napi-rs/canvas-android-arm64': [ '0.1.97' ],
181 silly audit   '@napi-rs/canvas-darwin-arm64': [ '0.1.97' ],
181 silly audit   '@napi-rs/canvas-darwin-x64': [ '0.1.97' ],
181 silly audit   '@napi-rs/canvas-linux-arm-gnueabihf': [ '0.1.97' ],
181 silly audit   '@napi-rs/canvas-linux-arm64-gnu': [ '0.1.97' ],
181 silly audit   '@napi-rs/canvas-linux-arm64-musl': [ '0.1.97' ],
181 silly audit   '@napi-rs/canvas-linux-riscv64-gnu': [ '0.1.97' ],
181 silly audit   '@napi-rs/canvas-linux-x64-gnu': [ '0.1.97' ],
181 silly audit   '@napi-rs/canvas-linux-x64-musl': [ '0.1.97' ],
181 silly audit   '@napi-rs/canvas-win32-arm64-msvc': [ '0.1.97' ],
181 silly audit   '@napi-rs/canvas-win32-x64-msvc': [ '0.1.97' ],
181 silly audit   '@playwright/test': [ '1.58.2' ],
181 silly audit   '@remirror/core-constants': [ '3.0.0' ],
181 silly audit   '@remix-run/router': [ '1.23.2' ],
181 silly audit   '@rolldown/pluginutils': [ '1.0.0-beta.27' ],
181 silly audit   '@rollup/rollup-android-arm-eabi': [ '4.59.0' ],
181 silly audit   '@rollup/rollup-android-arm64': [ '4.59.0' ],
181 silly audit   '@rollup/rollup-darwin-arm64': [ '4.59.0' ],
181 silly audit   '@rollup/rollup-darwin-x64': [ '4.59.0' ],
181 silly audit   '@rollup/rollup-freebsd-arm64': [ '4.59.0' ],
181 silly audit   '@rollup/rollup-freebsd-x64': [ '4.59.0' ],
181 silly audit   '@rollup/rollup-linux-arm-gnueabihf': [ '4.59.0' ],
181 silly audit   '@rollup/rollup-linux-arm-musleabihf': [ '4.59.0' ],
181 silly audit   '@rollup/rollup-linux-arm64-gnu': [ '4.59.0' ],
181 silly audit   '@rollup/rollup-linux-arm64-musl': [ '4.59.0' ],
181 silly audit   '@rollup/rollup-linux-loong64-gnu': [ '4.59.0' ],
181 silly audit   '@rollup/rollup-linux-loong64-musl': [ '4.59.0' ],
181 silly audit   '@rollup/rollup-linux-ppc64-gnu': [ '4.59.0' ],
181 silly audit   '@rollup/rollup-linux-ppc64-musl': [ '4.59.0' ],
181 silly audit   '@rollup/rollup-linux-riscv64-gnu': [ '4.59.0' ],
181 silly audit   '@rollup/rollup-linux-riscv64-musl': [ '4.59.0' ],
181 silly audit   '@rollup/rollup-linux-x64-gnu': [ '4.59.0' ],
181 silly audit   '@rollup/rollup-linux-x64-musl': [ '4.59.0' ],
181 silly audit   '@rollup/rollup-openbsd-x64': [ '4.59.0' ],
181 silly audit   '@rollup/rollup-openharmony-arm64': [ '4.59.0' ],
181 silly audit   '@rollup/rollup-win32-arm64-msvc': [ '4.59.0' ],
181 silly audit   '@rollup/rollup-win32-ia32-msvc': [ '4.59.0' ],
181 silly audit   '@rollup/rollup-win32-x64-gnu': [ '4.59.0' ],
181 silly audit   '@rollup/rollup-win32-x64-msvc': [ '4.59.0' ],
181 silly audit   '@tiptap/extension-blockquote': [ '3.21.0' ],
181 silly audit   '@tiptap/extension-bold': [ '3.21.0' ],
181 silly audit   '@tiptap/extension-bubble-menu': [ '3.21.0' ],
181 silly audit   '@tiptap/extension-bullet-list': [ '3.21.0' ],
181 silly audit   '@tiptap/extension-code': [ '3.21.0' ],
181 silly audit   '@tiptap/extension-code-block': [ '3.21.0' ],
181 silly audit   '@tiptap/extension-document': [ '3.21.0' ],
181 silly audit   '@tiptap/extension-dropcursor': [ '3.21.0' ],
181 silly audit   '@tiptap/extension-floating-menu': [ '3.21.0' ],
181 silly audit   '@tiptap/extension-gapcursor': [ '3.21.0' ],
181 silly audit   '@tiptap/extension-hard-break': [ '3.21.0' ],
181 silly audit   '@tiptap/extension-heading': [ '3.21.0' ],
181 silly audit   '@tiptap/extension-horizontal-rule': [ '3.21.0' ],
181 silly audit   '@tiptap/extension-italic': [ '3.21.0' ],
181 silly audit   '@tiptap/extension-link': [ '3.21.0' ],
181 silly audit   '@tiptap/extension-list': [ '3.21.0' ],
181 silly audit   '@tiptap/extension-list-item': [ '3.21.0' ],
181 silly audit   '@tiptap/extension-list-keymap': [ '3.21.0' ],
181 silly audit   '@tiptap/extension-ordered-list': [ '3.21.0' ],
181 silly audit   '@tiptap/extension-paragraph': [ '3.21.0' ],
181 silly audit   '@tiptap/extension-placeholder': [ '3.21.0' ],
181 silly audit   '@tiptap/extension-strike': [ '3.21.0' ],
181 silly audit   '@tiptap/extension-text': [ '3.21.0' ],
181 silly audit   '@tiptap/extension-underline': [ '3.21.0' ],
181 silly audit   '@tiptap/extensions': [ '3.21.0' ],
181 silly audit   '@tiptap/react': [ '3.21.0' ],
181 silly audit   '@tiptap/starter-kit': [ '3.21.0' ],
181 silly audit   '@types/babel__core': [ '7.20.5' ],
181 silly audit   '@types/babel__generator': [ '7.27.0' ],
181 silly audit   '@types/babel__template': [ '7.4.4' ],
181 silly audit   '@types/babel__traverse': [ '7.28.0' ],
181 silly audit   '@types/estree': [ '1.0.8' ],
181 silly audit   '@types/linkify-it': [ '5.0.0' ],
181 silly audit   '@types/markdown-it': [ '14.1.2' ],
181 silly audit   '@types/mdurl': [ '2.0.0' ],
181 silly audit   '@types/prop-types': [ '15.7.15' ],
181 silly audit   '@types/react': [ '18.3.28' ],
181 silly audit   '@types/react-dom': [ '18.3.7' ],
181 silly audit   '@types/use-sync-external-store': [ '0.0.6' ],
181 silly audit   '@vitejs/plugin-react': [ '4.7.0' ],
181 silly audit   argparse: [ '2.0.1' ],
181 silly audit   'baseline-browser-mapping': [ '2.10.7' ],
181 silly audit   browserslist: [ '4.28.1' ],
181 silly audit   'caniuse-lite': [ '1.0.30001778' ],
181 silly audit   'convert-source-map': [ '2.0.0' ],
181 silly audit   crelt: [ '1.0.6' ],
181 silly audit   csstype: [ '3.2.3' ],
181 silly audit   debug: [ '4.4.3' ],
181 silly audit   'electron-to-chromium': [ '1.5.313' ],
181 silly audit   entities: [ '4.5.0' ],
181 silly audit   esbuild: [ '0.21.5' ],
181 silly audit   escalade: [ '3.2.0' ],
181 silly audit   'escape-string-regexp': [ '4.0.0' ],
181 silly audit   'fast-equals': [ '5.4.0' ],
181 silly audit   fsevents: [ '2.3.3', '2.3.2' ],
181 silly audit   gensync: [ '1.0.0-beta.2' ],
181 silly audit   'js-tokens': [ '4.0.0' ],
181 silly audit   jsesc: [ '3.1.0' ],
181 silly audit   json5: [ '2.2.3' ],
181 silly audit   'linkify-it': [ '5.0.0' ],
181 silly audit   linkifyjs: [ '4.3.2' ],
181 silly audit   'loose-envify': [ '1.4.0' ],
181 silly audit   'lru-cache': [ '5.1.1' ],
181 silly audit   'markdown-it': [ '14.1.1' ],
181 silly audit   mdurl: [ '2.0.0' ],
181 silly audit   ms: [ '2.1.3' ],
181 silly audit   nanoid: [ '3.3.11' ],
181 silly audit   'node-readable-to-web-readable-stream': [ '0.4.2' ],
181 silly audit   'node-releases': [ '2.0.36' ],
181 silly audit   orderedmap: [ '2.1.1' ],
181 silly audit   'pdfjs-dist': [ '5.5.207' ],
181 silly audit   picocolors: [ '1.1.1' ],
181 silly audit   playwright: [ '1.58.2' ],
181 silly audit   'playwright-core': [ '1.58.2' ],
181 silly audit   postcss: [ '8.5.8' ],
181 silly audit   'prosemirror-changeset': [ '2.4.0' ],
181 silly audit   'prosemirror-collab': [ '1.3.1' ],
181 silly audit   'prosemirror-commands': [ '1.7.1' ],
181 silly audit   'prosemirror-dropcursor': [ '1.8.2' ],
181 silly audit   'prosemirror-gapcursor': [ '1.4.1' ],
181 silly audit   'prosemirror-history': [ '1.5.0' ],
181 silly audit   'prosemirror-inputrules': [ '1.5.1' ],
181 silly audit   'prosemirror-keymap': [ '1.2.3' ],
181 silly audit   'prosemirror-markdown': [ '1.13.4' ],
181 silly audit   'prosemirror-menu': [ '1.3.0' ],
181 silly audit   'prosemirror-model': [ '1.25.4' ],
181 silly audit   'prosemirror-schema-basic': [ '1.2.4' ],
181 silly audit   'prosemirror-schema-list': [ '1.5.1' ],
181 silly audit   'prosemirror-state': [ '1.4.4' ],
181 silly audit   'prosemirror-tables': [ '1.8.5' ],
181 silly audit   'prosemirror-trailing-node': [ '3.0.0' ],
181 silly audit   'prosemirror-transform': [ '1.11.0' ],
181 silly audit   'prosemirror-view': [ '1.41.7' ],
181 silly audit   'punycode.js': [ '2.3.1' ],
181 silly audit   react: [ '18.3.1' ],
181 silly audit   'react-dom': [ '18.3.1' ],
181 silly audit   'react-refresh': [ '0.17.0' ],
181 silly audit   'react-router': [ '6.30.3' ],
181 silly audit   'react-router-dom': [ '6.30.3' ],
181 silly audit   rollup: [ '4.59.0' ],
181 silly audit   'rope-sequence': [ '1.3.4' ],
181 silly audit   scheduler: [ '0.23.2' ],
181 silly audit   semver: [ '6.3.1' ],
181 silly audit   'source-map-js': [ '1.2.1' ],
181 silly audit   tslib: [ '2.8.1' ],
181 silly audit   typescript: [ '5.9.3' ],
181 silly audit   'uc.micro': [ '2.1.0' ],
181 silly audit   'update-browserslist-db': [ '1.2.3' ],
181 silly audit   'use-sync-external-store': [ '1.6.0' ],
181 silly audit   vite: [ '5.4.21' ],
181 silly audit   'w3c-keyname': [ '2.2.8' ],
181 silly audit   yallist: [ '3.1.1' ],
181 silly audit   '@tiptap/extension-image': [ '3.22.2' ],
181 silly audit   '@tiptap/core': [ '3.22.2' ],
181 silly audit   '@tiptap/pm': [ '3.22.2' ],
181 silly audit   '@tiptap/extension-table': [ '3.22.2' ],
181 silly audit   '@tiptap/extension-table-cell': [ '3.22.2' ],
181 silly audit   '@tiptap/extension-table-header': [ '3.22.2' ],
181 silly audit   '@tiptap/extension-table-row': [ '3.22.2' ],
181 silly audit   'date-fns': [ '4.1.0' ],
181 silly audit   html2canvas: [ '1.4.1' ],
181 silly audit   jspdf: [ '3.0.4' ],
181 silly audit   'css-line-break': [ '2.1.0' ],
181 silly audit   'text-segmentation': [ '1.0.3' ],
181 silly audit   utrie: [ '1.0.2' ],
181 silly audit   '@babel/runtime': [ '7.29.2' ],
181 silly audit   canvg: [ '3.0.11' ],
181 silly audit   'core-js': [ '3.49.0' ],
181 silly audit   dompurify: [ '3.3.3' ],
181 silly audit   'fast-png': [ '6.4.0' ],
181 silly audit   fflate: [ '0.8.2' ],
181 silly audit   '@types/raf': [ '3.4.3' ],
181 silly audit   raf: [ '3.4.1' ],
181 silly audit   'regenerator-runtime': [ '0.13.11' ],
181 silly audit   rgbcolor: [ '1.0.1' ],
181 silly audit   'stackblur-canvas': [ '2.7.0' ],
181 silly audit   'svg-pathdata': [ '6.0.3' ],
181 silly audit   '@types/trusted-types': [ '2.0.7' ],
181 silly audit   '@types/pako': [ '2.0.4' ],
181 silly audit   iobuffer: [ '5.4.0' ],
181 silly audit   pako: [ '2.1.0' ],
181 silly audit   'performance-now': [ '2.1.0' ],
181 silly audit   'base64-arraybuffer': [ '1.0.2' ]
181 silly audit }
182 verbose reify failed optional dependency /Users/stroubes/projects/CouncilMeeting/frontend/node_modules/@rollup/rollup-win32-x64-msvc
183 silly reify mark deleted [
183 silly reify   '/Users/stroubes/projects/CouncilMeeting/frontend/node_modules/@rollup/rollup-win32-x64-msvc'
183 silly reify ]
184 verbose reify failed optional dependency /Users/stroubes/projects/CouncilMeeting/frontend/node_modules/@rollup/rollup-win32-x64-gnu
185 silly reify mark deleted [
185 silly reify   '/Users/stroubes/projects/CouncilMeeting/frontend/node_modules/@rollup/rollup-win32-x64-gnu'
185 silly reify ]
186 verbose reify failed optional dependency /Users/stroubes/projects/CouncilMeeting/frontend/node_modules/@rollup/rollup-win32-ia32-msvc
187 silly reify mark deleted [
187 silly reify   '/Users/stroubes/projects/CouncilMeeting/frontend/node_modules/@rollup/rollup-win32-ia32-msvc'
187 silly reify ]
188 verbose reify failed optional dependency /Users/stroubes/projects/CouncilMeeting/frontend/node_modules/@rollup/rollup-win32-arm64-msvc
189 silly reify mark deleted [
189 silly reify   '/Users/stroubes/projects/CouncilMeeting/frontend/node_modules/@rollup/rollup-win32-arm64-msvc'
189 silly reify ]
190 verbose reify failed optional dependency /Users/stroubes/projects/CouncilMeeting/frontend/node_modules/@rollup/rollup-openharmony-arm64
191 silly reify mark deleted [
191 silly reify   '/Users/stroubes/projects/CouncilMeeting/frontend/node_modules/@rollup/rollup-openharmony-arm64'
191 silly reify ]
192 verbose reify failed optional dependency /Users/stroubes/projects/CouncilMeeting/frontend/node_modules/@rollup/rollup-openbsd-x64
193 silly reify mark deleted [
193 silly reify   '/Users/stroubes/projects/CouncilMeeting/frontend/node_modules/@rollup/rollup-openbsd-x64'
193 silly reify ]
194 verbose reify failed optional dependency /Users/stroubes/projects/CouncilMeeting/frontend/node_modules/@rollup/rollup-linux-x64-musl
195 silly reify mark deleted [
195 silly reify   '/Users/stroubes/projects/CouncilMeeting/frontend/node_modules/@rollup/rollup-linux-x64-musl'
195 silly reify ]
196 verbose reify failed optional dependency /Users/stroubes/projects/CouncilMeeting/frontend/node_modules/@rollup/rollup-linux-x64-gnu
197 silly reify mark deleted [
197 silly reify   '/Users/stroubes/projects/CouncilMeeting/frontend/node_modules/@rollup/rollup-linux-x64-gnu'
197 silly reify ]
198 verbose reify failed optional dependency /Users/stroubes/projects/CouncilMeeting/frontend/node_modules/@rollup/rollup-linux-riscv64-musl
199 silly reify mark deleted [
199 silly reify   '/Users/stroubes/projects/CouncilMeeting/frontend/node_modules/@rollup/rollup-linux-riscv64-musl'
199 silly reify ]
200 verbose reify failed optional dependency /Users/stroubes/projects/CouncilMeeting/frontend/node_modules/@rollup/rollup-linux-riscv64-gnu
201 silly reify mark deleted [
201 silly reify   '/Users/stroubes/projects/CouncilMeeting/frontend/node_modules/@rollup/rollup-linux-riscv64-gnu'
201 silly reify ]
202 verbose reify failed optional dependency /Users/stroubes/projects/CouncilMeeting/frontend/node_modules/@rollup/rollup-linux-ppc64-musl
203 silly reify mark deleted [
203 silly reify   '/Users/stroubes/projects/CouncilMeeting/frontend/node_modules/@rollup/rollup-linux-ppc64-musl'
203 silly reify ]
204 verbose reify failed optional dependency /Users/stroubes/projects/CouncilMeeting/frontend/node_modules/@rollup/rollup-linux-ppc64-gnu
205 silly reify mark deleted [
205 silly reify   '/Users/stroubes/projects/CouncilMeeting/frontend/node_modules/@rollup/rollup-linux-ppc64-gnu'
205 silly reify ]
206 verbose reify failed optional dependency /Users/stroubes/projects/CouncilMeeting/frontend/node_modules/@rollup/rollup-linux-loong64-musl
207 silly reify mark deleted [
207 silly reify   '/Users/stroubes/projects/CouncilMeeting/frontend/node_modules/@rollup/rollup-linux-loong64-musl'
207 silly reify ]
208 verbose reify failed optional dependency /Users/stroubes/projects/CouncilMeeting/frontend/node_modules/@rollup/rollup-linux-loong64-gnu
209 silly reify mark deleted [
209 silly reify   '/Users/stroubes/projects/CouncilMeeting/frontend/node_modules/@rollup/rollup-linux-loong64-gnu'
209 silly reify ]
210 verbose reify failed optional dependency /Users/stroubes/projects/CouncilMeeting/frontend/node_modules/@rollup/rollup-linux-arm64-musl
211 silly reify mark deleted [
211 silly reify   '/Users/stroubes/projects/CouncilMeeting/frontend/node_modules/@rollup/rollup-linux-arm64-musl'
211 silly reify ]
212 verbose reify failed optional dependency /Users/stroubes/projects/CouncilMeeting/frontend/node_modules/@rollup/rollup-linux-arm64-gnu
213 silly reify mark deleted [
213 silly reify   '/Users/stroubes/projects/CouncilMeeting/frontend/node_modules/@rollup/rollup-linux-arm64-gnu'
213 silly reify ]
214 verbose reify failed optional dependency /Users/stroubes/projects/CouncilMeeting/frontend/node_modules/@rollup/rollup-linux-arm-musleabihf
215 silly reify mark deleted [
215 silly reify   '/Users/stroubes/projects/CouncilMeeting/frontend/node_modules/@rollup/rollup-linux-arm-musleabihf'
215 silly reify ]
216 verbose reify failed optional dependency /Users/stroubes/projects/CouncilMeeting/frontend/node_modules/@rollup/rollup-linux-arm-gnueabihf
217 silly reify mark deleted [
217 silly reify   '/Users/stroubes/projects/CouncilMeeting/frontend/node_modules/@rollup/rollup-linux-arm-gnueabihf'
217 silly reify ]
218 verbose reify failed optional dependency /Users/stroubes/projects/CouncilMeeting/frontend/node_modules/@rollup/rollup-freebsd-x64
219 silly reify mark deleted [
219 silly reify   '/Users/stroubes/projects/CouncilMeeting/frontend/node_modules/@rollup/rollup-freebsd-x64'
219 silly reify ]
220 verbose reify failed optional dependency /Users/stroubes/projects/CouncilMeeting/frontend/node_modules/@rollup/rollup-freebsd-arm64
221 silly reify mark deleted [
221 silly reify   '/Users/stroubes/projects/CouncilMeeting/frontend/node_modules/@rollup/rollup-freebsd-arm64'
221 silly reify ]
222 verbose reify failed optional dependency /Users/stroubes/projects/CouncilMeeting/frontend/node_modules/@rollup/rollup-darwin-x64
223 silly reify mark deleted [
223 silly reify   '/Users/stroubes/projects/CouncilMeeting/frontend/node_modules/@rollup/rollup-darwin-x64'
223 silly reify ]
224 verbose reify failed optional dependency /Users/stroubes/projects/CouncilMeeting/frontend/node_modules/@rollup/rollup-android-arm64
225 silly reify mark deleted [
225 silly reify   '/Users/stroubes/projects/CouncilMeeting/frontend/node_modules/@rollup/rollup-android-arm64'
225 silly reify ]
226 verbose reify failed optional dependency /Users/stroubes/projects/CouncilMeeting/frontend/node_modules/@rollup/rollup-android-arm-eabi
227 silly reify mark deleted [
227 silly reify   '/Users/stroubes/projects/CouncilMeeting/frontend/node_modules/@rollup/rollup-android-arm-eabi'
227 silly reify ]
228 verbose reify failed optional dependency /Users/stroubes/projects/CouncilMeeting/frontend/node_modules/@napi-rs/canvas-win32-x64-msvc
229 silly reify mark deleted [
229 silly reify   '/Users/stroubes/projects/CouncilMeeting/frontend/node_modules/@napi-rs/canvas-win32-x64-msvc'
229 silly reify ]
230 verbose reify failed optional dependency /Users/stroubes/projects/CouncilMeeting/frontend/node_modules/@napi-rs/canvas-win32-arm64-msvc
231 silly reify mark deleted [
231 silly reify   '/Users/stroubes/projects/CouncilMeeting/frontend/node_modules/@napi-rs/canvas-win32-arm64-msvc'
231 silly reify ]
232 verbose reify failed optional dependency /Users/stroubes/projects/CouncilMeeting/frontend/node_modules/@napi-rs/canvas-linux-x64-musl
233 silly reify mark deleted [
233 silly reify   '/Users/stroubes/projects/CouncilMeeting/frontend/node_modules/@napi-rs/canvas-linux-x64-musl'
233 silly reify ]
234 verbose reify failed optional dependency /Users/stroubes/projects/CouncilMeeting/frontend/node_modules/@napi-rs/canvas-linux-x64-gnu
235 silly reify mark deleted [
235 silly reify   '/Users/stroubes/projects/CouncilMeeting/frontend/node_modules/@napi-rs/canvas-linux-x64-gnu'
235 silly reify ]
236 verbose reify failed optional dependency /Users/stroubes/projects/CouncilMeeting/frontend/node_modules/@napi-rs/canvas-linux-riscv64-gnu
237 silly reify mark deleted [
237 silly reify   '/Users/stroubes/projects/CouncilMeeting/frontend/node_modules/@napi-rs/canvas-linux-riscv64-gnu'
237 silly reify ]
238 verbose reify failed optional dependency /Users/stroubes/projects/CouncilMeeting/frontend/node_modules/@napi-rs/canvas-linux-arm64-musl
239 silly reify mark deleted [
239 silly reify   '/Users/stroubes/projects/CouncilMeeting/frontend/node_modules/@napi-rs/canvas-linux-arm64-musl'
239 silly reify ]
240 verbose reify failed optional dependency /Users/stroubes/projects/CouncilMeeting/frontend/node_modules/@napi-rs/canvas-linux-arm64-gnu
241 silly reify mark deleted [
241 silly reify   '/Users/stroubes/projects/CouncilMeeting/frontend/node_modules/@napi-rs/canvas-linux-arm64-gnu'
241 silly reify ]
242 verbose reify failed optional dependency /Users/stroubes/projects/CouncilMeeting/frontend/node_modules/@napi-rs/canvas-linux-arm-gnueabihf
243 silly reify mark deleted [
243 silly reify   '/Users/stroubes/projects/CouncilMeeting/frontend/node_modules/@napi-rs/canvas-linux-arm-gnueabihf'
243 silly reify ]
244 verbose reify failed optional dependency /Users/stroubes/projects/CouncilMeeting/frontend/node_modules/@napi-rs/canvas-darwin-x64
245 silly reify mark deleted [
245 silly reify   '/Users/stroubes/projects/CouncilMeeting/frontend/node_modules/@napi-rs/canvas-darwin-x64'
245 silly reify ]
246 verbose reify failed optional dependency /Users/stroubes/projects/CouncilMeeting/frontend/node_modules/@napi-rs/canvas-android-arm64
247 silly reify mark deleted [
247 silly reify   '/Users/stroubes/projects/CouncilMeeting/frontend/node_modules/@napi-rs/canvas-android-arm64'
247 silly reify ]
248 verbose reify failed optional dependency /Users/stroubes/projects/CouncilMeeting/frontend/node_modules/@esbuild/win32-x64
249 silly reify mark deleted [
249 silly reify   '/Users/stroubes/projects/CouncilMeeting/frontend/node_modules/@esbuild/win32-x64'
249 silly reify ]
250 verbose reify failed optional dependency /Users/stroubes/projects/CouncilMeeting/frontend/node_modules/@esbuild/win32-ia32
251 silly reify mark deleted [
251 silly reify   '/Users/stroubes/projects/CouncilMeeting/frontend/node_modules/@esbuild/win32-ia32'
251 silly reify ]
252 verbose reify failed optional dependency /Users/stroubes/projects/CouncilMeeting/frontend/node_modules/@esbuild/win32-arm64
253 silly reify mark deleted [
253 silly reify   '/Users/stroubes/projects/CouncilMeeting/frontend/node_modules/@esbuild/win32-arm64'
253 silly reify ]
254 verbose reify failed optional dependency /Users/stroubes/projects/CouncilMeeting/frontend/node_modules/@esbuild/sunos-x64
255 silly reify mark deleted [
255 silly reify   '/Users/stroubes/projects/CouncilMeeting/frontend/node_modules/@esbuild/sunos-x64'
255 silly reify ]
256 verbose reify failed optional dependency /Users/stroubes/projects/CouncilMeeting/frontend/node_modules/@esbuild/openbsd-x64
257 silly reify mark deleted [
257 silly reify   '/Users/stroubes/projects/CouncilMeeting/frontend/node_modules/@esbuild/openbsd-x64'
257 silly reify ]
258 verbose reify failed optional dependency /Users/stroubes/projects/CouncilMeeting/frontend/node_modules/@esbuild/netbsd-x64
259 silly reify mark deleted [
259 silly reify   '/Users/stroubes/projects/CouncilMeeting/frontend/node_modules/@esbuild/netbsd-x64'
259 silly reify ]
260 verbose reify failed optional dependency /Users/stroubes/projects/CouncilMeeting/frontend/node_modules/@esbuild/linux-x64
261 silly reify mark deleted [
261 silly reify   '/Users/stroubes/projects/CouncilMeeting/frontend/node_modules/@esbuild/linux-x64'
261 silly reify ]
262 verbose reify failed optional dependency /Users/stroubes/projects/CouncilMeeting/frontend/node_modules/@esbuild/linux-s390x
263 silly reify mark deleted [
263 silly reify   '/Users/stroubes/projects/CouncilMeeting/frontend/node_modules/@esbuild/linux-s390x'
263 silly reify ]
264 verbose reify failed optional dependency /Users/stroubes/projects/CouncilMeeting/frontend/node_modules/@esbuild/linux-riscv64
265 silly reify mark deleted [
265 silly reify   '/Users/stroubes/projects/CouncilMeeting/frontend/node_modules/@esbuild/linux-riscv64'
265 silly reify ]
266 verbose reify failed optional dependency /Users/stroubes/projects/CouncilMeeting/frontend/node_modules/@esbuild/linux-ppc64
267 silly reify mark deleted [
267 silly reify   '/Users/stroubes/projects/CouncilMeeting/frontend/node_modules/@esbuild/linux-ppc64'
267 silly reify ]
268 verbose reify failed optional dependency /Users/stroubes/projects/CouncilMeeting/frontend/node_modules/@esbuild/linux-mips64el
269 silly reify mark deleted [
269 silly reify   '/Users/stroubes/projects/CouncilMeeting/frontend/node_modules/@esbuild/linux-mips64el'
269 silly reify ]
270 verbose reify failed optional dependency /Users/stroubes/projects/CouncilMeeting/frontend/node_modules/@esbuild/linux-loong64
271 silly reify mark deleted [
271 silly reify   '/Users/stroubes/projects/CouncilMeeting/frontend/node_modules/@esbuild/linux-loong64'
271 silly reify ]
272 verbose reify failed optional dependency /Users/stroubes/projects/CouncilMeeting/frontend/node_modules/@esbuild/linux-ia32
273 silly reify mark deleted [
273 silly reify   '/Users/stroubes/projects/CouncilMeeting/frontend/node_modules/@esbuild/linux-ia32'
273 silly reify ]
274 verbose reify failed optional dependency /Users/stroubes/projects/CouncilMeeting/frontend/node_modules/@esbuild/linux-arm64
275 silly reify mark deleted [
275 silly reify   '/Users/stroubes/projects/CouncilMeeting/frontend/node_modules/@esbuild/linux-arm64'
275 silly reify ]
276 verbose reify failed optional dependency /Users/stroubes/projects/CouncilMeeting/frontend/node_modules/@esbuild/linux-arm
277 silly reify mark deleted [
277 silly reify   '/Users/stroubes/projects/CouncilMeeting/frontend/node_modules/@esbuild/linux-arm'
277 silly reify ]
278 verbose reify failed optional dependency /Users/stroubes/projects/CouncilMeeting/frontend/node_modules/@esbuild/freebsd-x64
279 silly reify mark deleted [
279 silly reify   '/Users/stroubes/projects/CouncilMeeting/frontend/node_modules/@esbuild/freebsd-x64'
279 silly reify ]
280 verbose reify failed optional dependency /Users/stroubes/projects/CouncilMeeting/frontend/node_modules/@esbuild/freebsd-arm64
281 silly reify mark deleted [
281 silly reify   '/Users/stroubes/projects/CouncilMeeting/frontend/node_modules/@esbuild/freebsd-arm64'
281 silly reify ]
282 verbose reify failed optional dependency /Users/stroubes/projects/CouncilMeeting/frontend/node_modules/@esbuild/darwin-x64
283 silly reify mark deleted [
283 silly reify   '/Users/stroubes/projects/CouncilMeeting/frontend/node_modules/@esbuild/darwin-x64'
283 silly reify ]
284 verbose reify failed optional dependency /Users/stroubes/projects/CouncilMeeting/frontend/node_modules/@esbuild/android-x64
285 silly reify mark deleted [
285 silly reify   '/Users/stroubes/projects/CouncilMeeting/frontend/node_modules/@esbuild/android-x64'
285 silly reify ]
286 verbose reify failed optional dependency /Users/stroubes/projects/CouncilMeeting/frontend/node_modules/@esbuild/android-arm64
287 silly reify mark deleted [
287 silly reify   '/Users/stroubes/projects/CouncilMeeting/frontend/node_modules/@esbuild/android-arm64'
287 silly reify ]
288 verbose reify failed optional dependency /Users/stroubes/projects/CouncilMeeting/frontend/node_modules/@esbuild/android-arm
289 silly reify mark deleted [
289 silly reify   '/Users/stroubes/projects/CouncilMeeting/frontend/node_modules/@esbuild/android-arm'
289 silly reify ]
290 verbose reify failed optional dependency /Users/stroubes/projects/CouncilMeeting/frontend/node_modules/@esbuild/aix-ppc64
291 silly reify mark deleted [
291 silly reify   '/Users/stroubes/projects/CouncilMeeting/frontend/node_modules/@esbuild/aix-ppc64'
291 silly reify ]
292 http cache performance-now@https://registry.npmjs.org/performance-now/-/performance-now-2.1.0.tgz 0ms (cache hit)
293 http cache base64-arraybuffer@https://registry.npmjs.org/base64-arraybuffer/-/base64-arraybuffer-1.0.2.tgz 0ms (cache hit)
294 http cache iobuffer@https://registry.npmjs.org/iobuffer/-/iobuffer-5.4.0.tgz 0ms (cache hit)
295 http cache @types/pako@https://registry.npmjs.org/@types/pako/-/pako-2.0.4.tgz 0ms (cache hit)
296 http cache stackblur-canvas@https://registry.npmjs.org/stackblur-canvas/-/stackblur-canvas-2.7.0.tgz 0ms (cache hit)
297 http cache pako@https://registry.npmjs.org/pako/-/pako-2.1.0.tgz 0ms (cache hit)
298 http cache svg-pathdata@https://registry.npmjs.org/svg-pathdata/-/svg-pathdata-6.0.3.tgz 0ms (cache hit)
299 http cache @types/trusted-types@https://registry.npmjs.org/@types/trusted-types/-/trusted-types-2.0.7.tgz 0ms (cache hit)
300 http cache rgbcolor@https://registry.npmjs.org/rgbcolor/-/rgbcolor-1.0.1.tgz 0ms (cache hit)
301 http cache regenerator-runtime@https://registry.npmjs.org/regenerator-runtime/-/regenerator-runtime-0.13.11.tgz 0ms (cache hit)
302 http cache raf@https://registry.npmjs.org/raf/-/raf-3.4.1.tgz 0ms (cache hit)
303 http cache @types/raf@https://registry.npmjs.org/@types/raf/-/raf-3.4.3.tgz 0ms (cache hit)
304 http cache fast-png@https://registry.npmjs.org/fast-png/-/fast-png-6.4.0.tgz 0ms (cache hit)
305 http cache fflate@https://registry.npmjs.org/fflate/-/fflate-0.8.2.tgz 0ms (cache hit)
306 http cache canvg@https://registry.npmjs.org/canvg/-/canvg-3.0.11.tgz 0ms (cache hit)
307 http cache dompurify@https://registry.npmjs.org/dompurify/-/dompurify-3.3.3.tgz 0ms (cache hit)
308 http cache @babel/runtime@https://registry.npmjs.org/@babel/runtime/-/runtime-7.29.2.tgz 0ms (cache hit)
309 http cache utrie@https://registry.npmjs.org/utrie/-/utrie-1.0.2.tgz 0ms (cache hit)
310 http cache core-js@https://registry.npmjs.org/core-js/-/core-js-3.49.0.tgz 0ms (cache hit)
311 http cache text-segmentation@https://registry.npmjs.org/text-segmentation/-/text-segmentation-1.0.3.tgz 0ms (cache hit)
312 http cache html2canvas@https://registry.npmjs.org/html2canvas/-/html2canvas-1.4.1.tgz 0ms (cache hit)
313 http cache date-fns@https://registry.npmjs.org/date-fns/-/date-fns-4.1.0.tgz 0ms (cache hit)
314 http cache @tiptap/extension-table-header@https://registry.npmjs.org/@tiptap/extension-table-header/-/extension-table-header-3.22.2.tgz 0ms (cache hit)
315 http cache jspdf@https://registry.npmjs.org/jspdf/-/jspdf-3.0.4.tgz 0ms (cache hit)
316 http cache @tiptap/extension-table@https://registry.npmjs.org/@tiptap/extension-table/-/extension-table-3.22.2.tgz 0ms (cache hit)
317 http cache @tiptap/extension-table-cell@https://registry.npmjs.org/@tiptap/extension-table-cell/-/extension-table-cell-3.22.2.tgz 0ms (cache hit)
318 http cache css-line-break@https://registry.npmjs.org/css-line-break/-/css-line-break-2.1.0.tgz 0ms (cache hit)
319 http cache @tiptap/pm@https://registry.npmjs.org/@tiptap/pm/-/pm-3.22.2.tgz 0ms (cache hit)
320 http cache @tiptap/extension-image@https://registry.npmjs.org/@tiptap/extension-image/-/extension-image-3.22.2.tgz 0ms (cache hit)
321 silly tarball no local data for performance-now@https://registry.npmjs.org/performance-now/-/performance-now-2.1.0.tgz. Extracting by manifest.
322 http cache @tiptap/core@https://registry.npmjs.org/@tiptap/core/-/core-3.22.2.tgz 0ms (cache hit)
323 http cache @tiptap/extension-table-row@https://registry.npmjs.org/@tiptap/extension-table-row/-/extension-table-row-3.22.2.tgz 0ms (cache hit)
324 silly tarball no local data for base64-arraybuffer@https://registry.npmjs.org/base64-arraybuffer/-/base64-arraybuffer-1.0.2.tgz. Extracting by manifest.
325 silly tarball no local data for iobuffer@https://registry.npmjs.org/iobuffer/-/iobuffer-5.4.0.tgz. Extracting by manifest.
326 silly tarball no local data for @types/pako@https://registry.npmjs.org/@types/pako/-/pako-2.0.4.tgz. Extracting by manifest.
327 silly tarball no local data for stackblur-canvas@https://registry.npmjs.org/stackblur-canvas/-/stackblur-canvas-2.7.0.tgz. Extracting by manifest.
328 silly tarball no local data for pako@https://registry.npmjs.org/pako/-/pako-2.1.0.tgz. Extracting by manifest.
329 silly tarball no local data for svg-pathdata@https://registry.npmjs.org/svg-pathdata/-/svg-pathdata-6.0.3.tgz. Extracting by manifest.
330 silly tarball no local data for @types/trusted-types@https://registry.npmjs.org/@types/trusted-types/-/trusted-types-2.0.7.tgz. Extracting by manifest.
331 silly tarball no local data for rgbcolor@https://registry.npmjs.org/rgbcolor/-/rgbcolor-1.0.1.tgz. Extracting by manifest.
332 silly tarball no local data for regenerator-runtime@https://registry.npmjs.org/regenerator-runtime/-/regenerator-runtime-0.13.11.tgz. Extracting by manifest.
333 silly tarball no local data for raf@https://registry.npmjs.org/raf/-/raf-3.4.1.tgz. Extracting by manifest.
334 silly tarball no local data for @types/raf@https://registry.npmjs.org/@types/raf/-/raf-3.4.3.tgz. Extracting by manifest.
335 silly tarball no local data for fast-png@https://registry.npmjs.org/fast-png/-/fast-png-6.4.0.tgz. Extracting by manifest.
336 silly tarball no local data for fflate@https://registry.npmjs.org/fflate/-/fflate-0.8.2.tgz. Extracting by manifest.
337 silly tarball no local data for canvg@https://registry.npmjs.org/canvg/-/canvg-3.0.11.tgz. Extracting by manifest.
338 silly tarball no local data for dompurify@https://registry.npmjs.org/dompurify/-/dompurify-3.3.3.tgz. Extracting by manifest.
339 silly tarball no local data for @babel/runtime@https://registry.npmjs.org/@babel/runtime/-/runtime-7.29.2.tgz. Extracting by manifest.
340 silly tarball no local data for utrie@https://registry.npmjs.org/utrie/-/utrie-1.0.2.tgz. Extracting by manifest.
341 silly tarball no local data for core-js@https://registry.npmjs.org/core-js/-/core-js-3.49.0.tgz. Extracting by manifest.
342 silly tarball no local data for text-segmentation@https://registry.npmjs.org/text-segmentation/-/text-segmentation-1.0.3.tgz. Extracting by manifest.
343 silly tarball no local data for html2canvas@https://registry.npmjs.org/html2canvas/-/html2canvas-1.4.1.tgz. Extracting by manifest.
344 silly tarball no local data for date-fns@https://registry.npmjs.org/date-fns/-/date-fns-4.1.0.tgz. Extracting by manifest.
345 silly tarball no local data for @tiptap/extension-table-header@https://registry.npmjs.org/@tiptap/extension-table-header/-/extension-table-header-3.22.2.tgz. Extracting by manifest.
346 silly tarball no local data for jspdf@https://registry.npmjs.org/jspdf/-/jspdf-3.0.4.tgz. Extracting by manifest.
347 silly tarball no local data for @tiptap/extension-table@https://registry.npmjs.org/@tiptap/extension-table/-/extension-table-3.22.2.tgz. Extracting by manifest.
348 silly tarball no local data for @tiptap/extension-table-cell@https://registry.npmjs.org/@tiptap/extension-table-cell/-/extension-table-cell-3.22.2.tgz. Extracting by manifest.
349 silly tarball no local data for css-line-break@https://registry.npmjs.org/css-line-break/-/css-line-break-2.1.0.tgz. Extracting by manifest.
350 silly tarball no local data for @tiptap/pm@https://registry.npmjs.org/@tiptap/pm/-/pm-3.22.2.tgz. Extracting by manifest.
351 silly tarball no local data for @tiptap/extension-image@https://registry.npmjs.org/@tiptap/extension-image/-/extension-image-3.22.2.tgz. Extracting by manifest.
352 silly tarball no local data for @tiptap/core@https://registry.npmjs.org/@tiptap/core/-/core-3.22.2.tgz. Extracting by manifest.
353 silly tarball no local data for @tiptap/extension-table-row@https://registry.npmjs.org/@tiptap/extension-table-row/-/extension-table-row-3.22.2.tgz. Extracting by manifest.
354 http fetch GET 200 https://registry.npmjs.org/rgbcolor/-/rgbcolor-1.0.1.tgz 108ms (cache miss)
355 http fetch GET 200 https://registry.npmjs.org/performance-now/-/performance-now-2.1.0.tgz 110ms (cache miss)
356 http fetch GET 200 https://registry.npmjs.org/base64-arraybuffer/-/base64-arraybuffer-1.0.2.tgz 110ms (cache miss)
357 http fetch GET 200 https://registry.npmjs.org/iobuffer/-/iobuffer-5.4.0.tgz 161ms (cache miss)
358 http fetch GET 200 https://registry.npmjs.org/stackblur-canvas/-/stackblur-canvas-2.7.0.tgz 170ms (cache miss)
359 http fetch GET 200 https://registry.npmjs.org/@types/pako/-/pako-2.0.4.tgz 173ms (cache miss)
360 http fetch GET 200 https://registry.npmjs.org/@types/trusted-types/-/trusted-types-2.0.7.tgz 176ms (cache miss)
361 http fetch GET 200 https://registry.npmjs.org/svg-pathdata/-/svg-pathdata-6.0.3.tgz 202ms (cache miss)
362 http fetch POST 200 https://registry.npmjs.org/-/npm/v1/security/advisories/bulk 221ms
363 silly audit report {
363 silly audit report   esbuild: [
363 silly audit report     {
363 silly audit report       id: 1102341,
363 silly audit report       url: 'https://github.com/advisories/GHSA-67mh-4wv8-2f99',
363 silly audit report       title: 'esbuild enables any website to send any requests to the development server and read the response',
363 silly audit report       severity: 'moderate',
363 silly audit report       vulnerable_versions: '<=0.24.2',
363 silly audit report       cwe: [Array],
363 silly audit report       cvss: [Object]
363 silly audit report     }
363 silly audit report   ],
363 silly audit report   jspdf: [
363 silly audit report     {
363 silly audit report       id: 1112264,
363 silly audit report       url: 'https://github.com/advisories/GHSA-f8cm-6447-x5h2',
363 silly audit report       title: 'jsPDF has Local File Inclusion/Path Traversal vulnerability',
363 silly audit report       severity: 'critical',
363 silly audit report       vulnerable_versions: '<=3.0.4',
363 silly audit report       cwe: [Array],
363 silly audit report       cvss: [Object]
363 silly audit report     },
363 silly audit report     {
363 silly audit report       id: 1112801,
363 silly audit report       url: 'https://github.com/advisories/GHSA-pqxr-3g65-p328',
363 silly audit report       title: 'jsPDF has PDF Injection in AcroFormChoiceField that allows Arbitrary JavaScript Execution',
363 silly audit report       severity: 'high',
363 silly audit report       vulnerable_versions: '<=4.0.0',
363 silly audit report       cwe: [Array],
363 silly audit report       cvss: [Object]
363 silly audit report     },
363 silly audit report     {
363 silly audit report       id: 1112802,
363 silly audit report       url: 'https://github.com/advisories/GHSA-95fx-jjr5-f39c',
363 silly audit report       title: 'jsPDF Vulnerable to Denial of Service (DoS) via Unvalidated BMP Dimensions in BMPDecoder',
363 silly audit report       severity: 'high',
363 silly audit report       vulnerable_versions: '<=4.0.0',
363 silly audit report       cwe: [Array],
363 silly audit report       cvss: [Object]
363 silly audit report     },
363 silly audit report     {
363 silly audit report       id: 1112803,
363 silly audit report       url: 'https://github.com/advisories/GHSA-vm32-vv63-w422',
363 silly audit report       title: 'jsPDF Vulnerable to Stored XMP Metadata Injection (Spoofing & Integrity Violation)',
363 silly audit report       severity: 'moderate',
363 silly audit report       vulnerable_versions: '<=4.0.0',
363 silly audit report       cwe: [Array],
363 silly audit report       cvss: [Object]
363 silly audit report     },
363 silly audit report     {
363 silly audit report       id: 1112804,
363 silly audit report       url: 'https://github.com/advisories/GHSA-cjw8-79x6-5cj4',
363 silly audit report       title: 'jsPDF has Shared State Race Condition in addJS Plugin',
363 silly audit report       severity: 'moderate',
363 silly audit report       vulnerable_versions: '<=4.0.0',
363 silly audit report       cwe: [Array],
363 silly audit report       cvss: [Object]
363 silly audit report     },
363 silly audit report     {
363 silly audit report       id: 1113310,
363 silly audit report       url: 'https://github.com/advisories/GHSA-9vjf-qc39-jprp',
363 silly audit report       title: 'jsPDF has a PDF Object Injection via Unsanitized Input in addJS Method',
363 silly audit report       severity: 'high',
363 silly audit report       vulnerable_versions: '<4.2.0',
363 silly audit report       cwe: [Array],
363 silly audit report       cvss: [Object]
363 silly audit report     },
363 silly audit report     {
363 silly audit report       id: 1113324,
363 silly audit report       url: 'https://github.com/advisories/GHSA-67pg-wm7f-q7fj',
363 silly audit report       title: 'jsPDF Affected by Client-Side/Server-Side Denial of Service via Malicious GIF Dimensions',
363 silly audit report       severity: 'high',
363 silly audit report       vulnerable_versions: '<4.2.0',
363 silly audit report       cwe: [Array],
363 silly audit report       cvss: [Object]
363 silly audit report     },
363 silly audit report     {
363 silly audit report       id: 1114396,
363 silly audit report       url: 'https://github.com/advisories/GHSA-p5xg-68wr-hm3m',
363 silly audit report       title: 'jsPDF has a PDF Injection in AcroForm module allows Arbitrary JavaScript Execution (RadioButton.createOption and "AS" property)',
363 silly audit report       severity: 'high',
363 silly audit report       vulnerable_versions: '<4.2.0',
363 silly audit report       cwe: [Array],
363 silly audit report       cvss: [Object]
363 silly audit report     },
363 silly audit report     {
363 silly audit report       id: 1114950,
363 silly audit report       url: 'https://github.com/advisories/GHSA-7x6v-j9x4-qf24',
363 silly audit report       title: 'jsPDF has a PDF Object Injection via FreeText color',
363 silly audit report       severity: 'high',
363 silly audit report       vulnerable_versions: '<=4.2.0',
363 silly audit report       cwe: [Array],
363 silly audit report       cvss: [Object]
363 silly audit report     },
363 silly audit report     {
363 silly audit report       id: 1114974,
363 silly audit report       url: 'https://github.com/advisories/GHSA-wfv2-pwc8-crg5',
363 silly audit report       title: 'jsPDF has HTML Injection in New Window paths',
363 silly audit report       severity: 'critical',
363 silly audit report       vulnerable_versions: '<=4.2.0',
363 silly audit report       cwe: [Array],
363 silly audit report       cvss: [Object]
363 silly audit report     }
363 silly audit report   ]
363 silly audit report }
364 silly packumentCache corgi:https://registry.npmjs.org/esbuild cache-miss
365 silly packumentCache corgi:https://registry.npmjs.org/jspdf cache-miss
366 http fetch GET 200 https://registry.npmjs.org/@babel/runtime/-/runtime-7.29.2.tgz 239ms (cache miss)
367 http fetch GET 200 https://registry.npmjs.org/utrie/-/utrie-1.0.2.tgz 325ms (cache miss)
368 http fetch GET 200 https://registry.npmjs.org/dompurify/-/dompurify-3.3.3.tgz 325ms (cache miss)
369 http fetch GET 200 https://registry.npmjs.org/pako/-/pako-2.1.0.tgz 345ms (cache miss)
370 http fetch GET 200 https://registry.npmjs.org/text-segmentation/-/text-segmentation-1.0.3.tgz 346ms (cache miss)
371 http fetch GET 200 https://registry.npmjs.org/raf/-/raf-3.4.1.tgz 393ms (cache miss)
372 http fetch GET 200 https://registry.npmjs.org/regenerator-runtime/-/regenerator-runtime-0.13.11.tgz 394ms (cache miss)
373 http fetch GET 200 https://registry.npmjs.org/canvg/-/canvg-3.0.11.tgz 427ms (cache miss)
374 http fetch GET 200 https://registry.npmjs.org/@tiptap/extension-table-header/-/extension-table-header-3.22.2.tgz 467ms (cache miss)
375 http fetch GET 200 https://registry.npmjs.org/fast-png/-/fast-png-6.4.0.tgz 481ms (cache miss)
376 http fetch GET 200 https://registry.npmjs.org/@tiptap/extension-table-cell/-/extension-table-cell-3.22.2.tgz 501ms (cache miss)
377 http fetch GET 200 https://registry.npmjs.org/css-line-break/-/css-line-break-2.1.0.tgz 503ms (cache miss)
378 http fetch GET 200 https://registry.npmjs.org/@types/raf/-/raf-3.4.3.tgz 552ms (cache miss)
379 http fetch GET 200 https://registry.npmjs.org/@tiptap/extension-table/-/extension-table-3.22.2.tgz 552ms (cache miss)
380 http fetch GET 200 https://registry.npmjs.org/@tiptap/extension-image/-/extension-image-3.22.2.tgz 566ms (cache miss)
381 http fetch GET 200 https://registry.npmjs.org/@tiptap/pm/-/pm-3.22.2.tgz 582ms (cache miss)
382 http fetch GET 200 https://registry.npmjs.org/@tiptap/extension-table-row/-/extension-table-row-3.22.2.tgz 621ms (cache miss)
383 http fetch GET 200 https://registry.npmjs.org/jspdf 411ms (cache miss)
384 silly packumentCache corgi:https://registry.npmjs.org/jspdf set size:undefined disposed:false
385 http fetch GET 200 https://registry.npmjs.org/fflate/-/fflate-0.8.2.tgz 659ms (cache miss)
386 http fetch GET 200 https://registry.npmjs.org/html2canvas/-/html2canvas-1.4.1.tgz 675ms (cache miss)
387 http fetch GET 200 https://registry.npmjs.org/esbuild 526ms (cache miss)
388 silly packumentCache corgi:https://registry.npmjs.org/esbuild set size:undefined disposed:false
389 silly packumentCache corgi:https://registry.npmjs.org/vite cache-miss
390 http fetch GET 200 https://registry.npmjs.org/core-js/-/core-js-3.49.0.tgz 789ms (cache miss)
391 http fetch GET 200 https://registry.npmjs.org/jspdf/-/jspdf-3.0.4.tgz 942ms (cache miss)
392 http fetch GET 200 https://registry.npmjs.org/@tiptap/core/-/core-3.22.2.tgz 964ms (cache miss)
393 http fetch GET 200 https://registry.npmjs.org/date-fns/-/date-fns-4.1.0.tgz 1030ms (cache miss)
394 info run core-js@3.49.0 postinstall node_modules/core-js node -e "try{require('./postinstall')}catch(e){}"
395 info run core-js@3.49.0 postinstall { code: 0, signal: null }
396 http fetch GET 200 https://registry.npmjs.org/vite 371ms (cache miss)
397 silly packumentCache corgi:https://registry.npmjs.org/vite set size:undefined disposed:false
398 silly packumentCache corgi:https://registry.npmjs.org/@vitejs%2fplugin-react cache-miss
399 http fetch GET 200 https://registry.npmjs.org/@vitejs%2fplugin-react 108ms (cache miss)
400 silly packumentCache corgi:https://registry.npmjs.org/@vitejs%2fplugin-react set size:undefined disposed:false
401 silly ADD node_modules/base64-arraybuffer
402 silly ADD node_modules/performance-now
403 silly ADD node_modules/pako
404 silly ADD node_modules/iobuffer
405 silly ADD node_modules/@types/pako
406 silly ADD node_modules/@types/trusted-types
407 silly ADD node_modules/svg-pathdata
408 silly ADD node_modules/stackblur-canvas
409 silly ADD node_modules/rgbcolor
410 silly ADD node_modules/regenerator-runtime
411 silly ADD node_modules/raf
412 silly ADD node_modules/@types/raf
413 silly ADD node_modules/fflate
414 silly ADD node_modules/fast-png
415 silly ADD node_modules/dompurify
416 silly ADD node_modules/core-js
417 silly ADD node_modules/canvg
418 silly ADD node_modules/@babel/runtime
419 silly ADD node_modules/utrie
420 silly ADD node_modules/text-segmentation
421 silly ADD node_modules/css-line-break
422 silly ADD node_modules/jspdf
423 silly ADD node_modules/html2canvas
424 silly ADD node_modules/date-fns
425 silly ADD node_modules/@tiptap/extension-table-row
426 silly ADD node_modules/@tiptap/extension-table-header
427 silly ADD node_modules/@tiptap/extension-table-cell
428 silly ADD node_modules/@tiptap/extension-table
429 silly ADD node_modules/@tiptap/extension-image
430 silly ADD
431 silly ADD
432 silly ADD
433 silly ADD
434 silly ADD
435 silly ADD
436 silly ADD
437 silly ADD
438 silly ADD
439 silly ADD
440 silly ADD
441 silly ADD
442 silly ADD
443 silly ADD
444 silly ADD
445 silly ADD
446 silly ADD
447 silly ADD
448 silly ADD
449 silly ADD
450 silly ADD
451 silly ADD
452 silly ADD
453 silly ADD
454 silly ADD
455 silly ADD
456 silly ADD
457 silly ADD
458 silly ADD
459 silly ADD
460 silly ADD
461 silly ADD
462 silly ADD
463 silly ADD
464 silly ADD
465 silly ADD
466 silly ADD
467 silly ADD
468 silly ADD
469 silly ADD
470 silly ADD
471 silly ADD
472 silly ADD
473 silly ADD
474 silly ADD
475 silly ADD
476 silly ADD
477 silly ADD
478 silly ADD
479 silly ADD
480 silly ADD
481 silly ADD
482 silly ADD
483 silly ADD
484 silly ADD
485 silly CHANGE node_modules/@tiptap/pm
486 silly CHANGE node_modules/@tiptap/core
487 verbose cwd /Users/stroubes/projects/CouncilMeeting/frontend
488 verbose os Darwin 25.3.0
489 verbose node v22.16.0
490 verbose npm  v10.9.2
491 notice
491 notice New major version of npm available! 10.9.2 -> 11.12.1
491 notice Changelog: https://github.com/npm/cli/releases/tag/v11.12.1
491 notice To update run: npm install -g npm@11.12.1
491 notice  { force: true, [Symbol(proc-log.meta)]: true }
492 verbose exit 0
493 info ok
